Refrigerator_app/Refrigerator_app/app/build/intermediates/manifest_merge_blame_file/debug/manifest-merger-blame-debug-report.txt
1<?xml version="1.0" encoding="utf-8"?>
2<manifest xmlns:android="http://schemas.android.com/apk/res/android"
3    package="com.example.myapplication"
4    android:versionCode="1"
5    android:versionName="1.0" >
6
7    <uses-sdk
8        android:minSdkVersion="21"
8-->src\main\AndroidManifest.xml
9        android:targetSdkVersion="32" />
9-->src\main\AndroidManifest.xml
10
11    <uses-permission android:name="android.permission.WRITE_EXTERNAL_STORAGE" />
11-->src\main\AndroidManifest.xml:6:5-81
11-->src\main\AndroidManifest.xml:6:22-78
12    <uses-permission android:name="android.permission.INTERNET" />
12-->src\main\AndroidManifest.xml:7:5-67
12-->src\main\AndroidManifest.xml:7:22-64
13    <uses-permission android:name="android.permission.READ_EXTERNAL_STORAGE" />
13-->src\main\AndroidManifest.xml:8:5-80
13-->src\main\AndroidManifest.xml:8:22-77
14    <uses-permission android:name="android.permission.ACCESS_NETWORK_STATE" />
14-->src\main\AndroidManifest.xml:9:5-79
14-->src\main\AndroidManifest.xml:9:22-76
15    <uses-permission android:name="android.permission.CHANGE_WIFI_STATE" />
15-->src\main\AndroidManifest.xml:10:5-76
15-->src\main\AndroidManifest.xml:10:22-73
16    <uses-permission android:name="android.permission.READ_PHONE_STATE" />
16-->src\main\AndroidManifest.xml:11:5-75
16-->src\main\AndroidManifest.xml:11:22-72
17    <uses-permission android:name="android.permission.READ_CONTACTS" />
17-->src\main\AndroidManifest.xml:12:5-72
17-->src\main\AndroidManifest.xml:12:22-69
18    <uses-permission android:name="android.permission.CAMERA" /> <!-- Don't require camera, as this requires a rear camera. This allows it to work on the Nexus 7 -->
18-->[com.journeyapps:zxing-android-embedded:3.6.0] AndroidManifest.xml:22:5-65
18-->[com.journeyapps:zxing-android-embedded:3.6.0] AndroidManifest.xml:22:22-62
19    <uses-feature
19-->[com.journeyapps:zxing-android-embedded:3.6.0] AndroidManifest.xml:25:5-27:36
20        android:name="android.hardware.camera"
20-->[com.journeyapps:zxing-android-embedded:3.6.0] AndroidManifest.xml:26:9-47
21        android:required="false" />
21-->[com.journeyapps:zxing-android-embedded:3.6.0] AndroidManifest.xml:27:9-33
22    <uses-feature
22-->[com.journeyapps:zxing-android-embedded:3.6.0] AndroidManifest.xml:28:5-30:36
23        android:name="android.hardware.camera.front"
23-->[com.journeyapps:zxing-android-embedded:3.6.0] AndroidManifest.xml:29:9-53
24        android:required="false" /> <!-- TODO replace above two with next line after Android 4.2 -->
24-->[com.journeyapps:zxing-android-embedded:3.6.0] AndroidManifest.xml:30:9-33
25    <!-- <uses-feature android:name="android.hardware.camera.any"/> -->
26    <uses-feature
26-->[com.journeyapps:zxing-android-embedded:3.6.0] AndroidManifest.xml:33:5-35:36
27        android:name="android.hardware.camera.autofocus"
27-->[com.journeyapps:zxing-android-embedded:3.6.0] AndroidManifest.xml:34:9-57
28        android:required="false" />
28-->[com.journeyapps:zxing-android-embedded:3.6.0] AndroidManifest.xml:35:9-33
29    <uses-feature
29-->[com.journeyapps:zxing-android-embedded:3.6.0] AndroidManifest.xml:36:5-38:36
30        android:name="android.hardware.camera.flash"
30-->[com.journeyapps:zxing-android-embedded:3.6.0] AndroidManifest.xml:37:9-53
31        android:required="false" />
31-->[com.journeyapps:zxing-android-embedded:3.6.0] AndroidManifest.xml:38:9-33
32    <uses-feature
32-->[com.journeyapps:zxing-android-embedded:3.6.0] AndroidManifest.xml:39:5-41:36
33        android:name="android.hardware.screen.landscape"
33-->[com.journeyapps:zxing-android-embedded:3.6.0] AndroidManifest.xml:40:9-57
34        android:required="false" />
34-->[com.journeyapps:zxing-android-embedded:3.6.0] AndroidManifest.xml:41:9-33
35    <uses-feature
35-->[com.journeyapps:zxing-android-embedded:3.6.0] AndroidManifest.xml:42:5-44:36
36        android:name="android.hardware.wifi"
36-->[com.journeyapps:zxing-android-embedded:3.6.0] AndroidManifest.xml:43:9-45
37        android:required="false" />
37-->[com.journeyapps:zxing-android-embedded:3.6.0] AndroidManifest.xml:44:9-33
38
39    <application
39-->src\main\AndroidManifest.xml:14:5-82:19
40        android:allowBackup="true"
40-->src\main\AndroidManifest.xml:15:9-35
41        android:appComponentFactory="androidx.core.app.CoreComponentFactory"
41-->[androidx.core:core:1.7.0] AndroidManifest.xml:24:18-86
42        android:debuggable="true"
43        android:icon="@mipmap/ic_ref_logo"
43-->src\main\AndroidManifest.xml:16:9-43
44        android:label="@string/app_name"
44-->src\main\AndroidManifest.xml:17:9-41
45        android:roundIcon="@mipmap/ic_ref_logo_round"
45-->src\main\AndroidManifest.xml:18:9-54
46        android:supportsRtl="true"
46-->src\main\AndroidManifest.xml:19:9-35
47        android:testOnly="true"
48        android:theme="@style/Theme.MyApplication" >
48-->src\main\AndroidManifest.xml:20:9-51
49        <activity
49-->src\main\AndroidManifest.xml:21:9-23:40
50            android:name="com.example.myapplication.UpdateInfo"
50-->src\main\AndroidManifest.xml:22:13-39
51            android:exported="false" />
51-->src\main\AndroidManifest.xml:23:13-37
52        <activity
52-->src\main\AndroidManifest.xml:24:9-26:40
53            android:name="com.example.myapplication.JoinActivity"
53-->src\main\AndroidManifest.xml:25:13-41
54            android:exported="false" />
54-->src\main\AndroidManifest.xml:26:13-37
55        <activity
55-->src\main\AndroidManifest.xml:27:9-29:40
56            android:name="com.example.myapplication.RecipeActivity2"
56-->src\main\AndroidManifest.xml:28:13-44
57            android:exported="false" />
57-->src\main\AndroidManifest.xml:29:13-37
58        <activity
58-->src\main\AndroidManifest.xml:30:9-32:40
59            android:name="com.example.myapplication.RecipeActivity"
59-->src\main\AndroidManifest.xml:31:13-43
60            android:exported="false" />
60-->src\main\AndroidManifest.xml:32:13-37
61        <activity
61-->src\main\AndroidManifest.xml:33:9-42:20
62            android:name="com.example.myapplication.LoginActivity"
62-->src\main\AndroidManifest.xml:34:13-42
63            android:exported="true"
63-->src\main\AndroidManifest.xml:35:13-36
64            android:launchMode="singleTask" >
64-->src\main\AndroidManifest.xml:36:13-44
65            <intent-filter>
65-->src\main\AndroidManifest.xml:37:13-41:29
66                <action android:name="android.intent.action.MAIN" />
66-->src\main\AndroidManifest.xml:38:17-69
66-->src\main\AndroidManifest.xml:38:25-66
67
68                <category android:name="android.intent.category.LAUNCHER" />
68-->src\main\AndroidManifest.xml:40:17-77
68-->src\main\AndroidManifest.xml:40:27-74
69            </intent-filter>
70        </activity>
71        <activity
71-->src\main\AndroidManifest.xml:43:9-46:45
72            android:name="com.example.myapplication.InfoActivity"
72-->src\main\AndroidManifest.xml:44:13-41
73            android:exported="true" />
73-->src\main\AndroidManifest.xml:45:13-36
74        <activity
74-->src\main\AndroidManifest.xml:47:9-50:45
75            android:name="com.example.myapplication.InfoActivity2"
75-->src\main\AndroidManifest.xml:48:13-42
76            android:exported="true" />
76-->src\main\AndroidManifest.xml:49:13-36
77        <activity
77-->src\main\AndroidManifest.xml:51:9-55:70
78            android:name="com.example.myapplication.MainActivity"
78-->src\main\AndroidManifest.xml:52:13-41
79            android:exported="true"
79-->src\main\AndroidManifest.xml:53:13-36
80            android:label="@string/app_name"
80-->src\main\AndroidManifest.xml:54:13-45
81            android:theme="@style/Theme.MyApplication.NoActionBar" />
81-->src\main\AndroidManifest.xml:55:13-67
82        <activity
82-->src\main\AndroidManifest.xml:56:9-58:40
83            android:name="com.example.myapplication.camera"
83-->src\main\AndroidManifest.xml:57:13-35
84            android:exported="false" />
84-->src\main\AndroidManifest.xml:58:13-37
85        <activity
85-->src\main\AndroidManifest.xml:59:9-62:49
86            android:name="com.journeyapps.barcodescanner.CaptureActivity"
86-->src\main\AndroidManifest.xml:60:13-74
87            android:clearTaskOnLaunch="true"
87-->[com.journeyapps:zxing-android-embedded:3.6.0] AndroidManifest.xml:49:13-45
88            android:screenOrientation="fullSensor"
88-->src\main\AndroidManifest.xml:61:13-51
89            android:stateNotNeeded="true"
89-->[com.journeyapps:zxing-android-embedded:3.6.0] AndroidManifest.xml:51:13-42
90            android:theme="@style/zxing_CaptureTheme"
90-->[com.journeyapps:zxing-android-embedded:3.6.0] AndroidManifest.xml:52:13-54
91            android:windowSoftInputMode="stateAlwaysHidden" />
91-->[com.journeyapps:zxing-android-embedded:3.6.0] AndroidManifest.xml:53:13-60
92
93        <receiver
93-->src\main\AndroidManifest.xml:64:9-71:20
94            android:name="com.example.myapplication.broadCastRece"
94-->src\main\AndroidManifest.xml:64:19-48
95            android:enabled="true"
95-->src\main\AndroidManifest.xml:65:13-35
96            android:exported="true" >
96-->src\main\AndroidManifest.xml:66:13-36
97            <intent-filter>
97-->src\main\AndroidManifest.xml:67:13-70:29
98                <action android:name="android.intent.action.DATE_CHANGED" />
98-->src\main\AndroidManifest.xml:68:17-76
98-->src\main\AndroidManifest.xml:68:25-74
99                <action android:name="android.intent.action.TIME_SET" />
99-->src\main\AndroidManifest.xml:69:17-72
99-->src\main\AndroidManifest.xml:69:25-70
100            </intent-filter>
101        </receiver>
102
103        <provider
103-->src\main\AndroidManifest.xml:73:9-81:20
104            android:name="androidx.core.content.FileProvider"
104-->src\main\AndroidManifest.xml:74:13-62
105            android:authorities="com.example.myapplication2.FileProvider"
105-->src\main\AndroidManifest.xml:75:13-74
106            android:exported="false"
106-->src\main\AndroidManifest.xml:76:13-37
107            android:grantUriPermissions="true" >
107-->src\main\AndroidManifest.xml:77:13-47
108            <meta-data
108-->src\main\AndroidManifest.xml:78:13-80:53
109                android:name="android.support.FILE_PROVIDER_PATHS"
109-->src\main\AndroidManifest.xml:79:17-67
110                android:resource="@xml/file_path" />
110-->src\main\AndroidManifest.xml:80:17-50
111        </provider>
112        <provider
112-->[androidx.emoji2:emoji2:1.0.0] AndroidManifest.xml:26:9-34:20
113            android:name="androidx.startup.InitializationProvider"
113-->[androidx.emoji2:emoji2:1.0.0] AndroidManifest.xml:27:13-67
114            android:authorities="com.example.myapplication.androidx-startup"
114-->[androidx.emoji2:emoji2:1.0.0] AndroidManifest.xml:28:13-68
115            android:exported="false" >
115-->[androidx.emoji2:emoji2:1.0.0] AndroidManifest.xml:29:13-37
116            <meta-data
116-->[androidx.emoji2:emoji2:1.0.0] AndroidManifest.xml:31:13-33:52
117                android:name="androidx.emoji2.text.EmojiCompatInitializer"
117-->[androidx.emoji2:emoji2:1.0.0] AndroidManifest.xml:32:17-75
118                android:value="androidx.startup" />
118-->[androidx.emoji2:emoji2:1.0.0] AndroidManifest.xml:33:17-49
119            <meta-data
119-->[androidx.lifecycle:lifecycle-process:2.4.0] AndroidManifest.xml:31:13-33:52
120                android:name="androidx.lifecycle.ProcessLifecycleInitializer"
120-->[androidx.lifecycle:lifecycle-process:2.4.0] AndroidManifest.xml:32:17-78
121                android:value="androidx.startup" />
121-->[androidx.lifecycle:lifecycle-process:2.4.0] AndroidManifest.xml:33:17-49
122        </provider>
123    </application>
124
125</manifest>